Построение начато 21.10.2023 11:32:30.
     1>Проект "T:\! И-32\Цыбуляев Никита\Системное программирование\katalog\katalog\katalog.vcxproj" в узле 2 (целевые объекты build).
     1>InitializeBuildStatus:
         Обращение к "Debug\katalog.unsuccessfulbuild".
       ClCompile:
         Для всех выходных данных обновления не требуется.
         C:\Program Files (x86)\Microsoft Visual Studio 10.0\VC\bin\CL.exe /c /ZI /nologo /W3 /WX- /Od /Oy- /D WIN32 /D _DEBUG /D _CONSOLE /D _UNICODE /D UNICODE /Gm /EHsc /RTC1 /MDd /GS /fp:precise /Zc:wchar_t /Zc:forScope /Yu"StdAfx.h" /Fp"Debug\katalog.pch" /Fo"Debug\\" /Fd"Debug\vc100.pdb" /Gd /TP /analyze- /errorReport:prompt katalog.cpp
         katalog.cpp
     1>t:\! и-32\цыбуляев никита\системное программирование\katalog\katalog\dirent.h(423): warning C4067: непредвиденные лексемы за директивой препроцессора, требуется newline
     1>t:\! и-32\цыбуляев никита\системное программирование\katalog\katalog\dirent.h(423): warning C4067: непредвиденные лексемы за директивой препроцессора, требуется newline
     1>t:\! и-32\цыбуляев никита\системное программирование\katalog\katalog\dirent.h(444): warning C4067: непредвиденные лексемы за директивой препроцессора, требуется newline
     1>t:\! и-32\цыбуляев никита\системное программирование\katalog\katalog\dirent.h(444): warning C4067: непредвиденные лексемы за директивой препроцессора, требуется newline
     1>t:\! и-32\цыбуляев никита\системное программирование\katalog\katalog\katalog.cpp(45): warning C4129: D: неизвестная escape-последовательность
       ManifestResourceCompile:
         Для всех выходных данных обновления не требуется.
       Link:
         C:\Program Files (x86)\Microsoft Visual Studio 10.0\VC\bin\link.exe /ERRORREPORT:PROMPT /OUT:"T:\! И-32\Цыбуляев Никита\Системное программирование\katalog\Debug\katalog.exe" /INCREMENTAL /NOLOGO kernel32.lib user32.lib gdi32.lib winspool.lib comdlg32.lib advapi32.lib shell32.lib ole32.lib oleaut32.lib uuid.lib odbc32.lib odbccp32.lib /MANIFEST /ManifestFile:"Debug\katalog.exe.intermediate.manifest" /MANIFESTUAC:"level='asInvoker' uiAccess='false'" /DEBUG /PDB:"T:\! И-32\Цыбуляев Никита\Системное программирование\katalog\Debug\katalog.pdb" /SUBSYSTEM:CONSOLE /TLBID:1 /DYNAMICBASE /NXCOMPAT /IMPLIB:"T:\! И-32\Цыбуляев Никита\Системное программирование\katalog\Debug\katalog.lib" /MACHINE:X86 Debug\katalog.exe.embed.manifest.res
         Debug\katalog.obj
         Debug\stdafx.obj
       Manifest:
         C:\Program Files (x86)\Microsoft SDKs\Windows\v7.0A\bin\mt.exe /nologo /verbose /out:"Debug\katalog.exe.embed.manifest" /manifest Debug\katalog.exe.intermediate.manifest
         Для всех выходных данных обновления не требуется.
       LinkEmbedManifest:
         C:\Program Files (x86)\Microsoft Visual Studio 10.0\VC\bin\link.exe /ERRORREPORT:PROMPT /OUT:"T:\! И-32\Цыбуляев Никита\Системное программирование\katalog\Debug\katalog.exe" /INCREMENTAL /NOLOGO kernel32.lib user32.lib gdi32.lib winspool.lib comdlg32.lib advapi32.lib shell32.lib ole32.lib oleaut32.lib uuid.lib odbc32.lib odbccp32.lib /MANIFEST /ManifestFile:"Debug\katalog.exe.intermediate.manifest" /MANIFESTUAC:"level='asInvoker' uiAccess='false'" /DEBUG /PDB:"T:\! И-32\Цыбуляев Никита\Системное программирование\katalog\Debug\katalog.pdb" /SUBSYSTEM:CONSOLE /TLBID:1 /DYNAMICBASE /NXCOMPAT /IMPLIB:"T:\! И-32\Цыбуляев Никита\Системное программирование\katalog\Debug\katalog.lib" /MACHINE:X86 Debug\katalog.exe.embed.manifest.res
         Debug\katalog.obj
         Debug\stdafx.obj
         katalog.vcxproj -> T:\! И-32\Цыбуляев Никита\Системное программирование\katalog\Debug\katalog.exe
       FinalizeBuildStatus:
         Файл "Debug\katalog.unsuccessfulbuild" удаляется.
         Обращение к "Debug\katalog.lastbuildstate".
     1>Построение проекта "T:\! И-32\Цыбуляев Никита\Системное программирование\katalog\katalog\katalog.vcxproj" завершено (целевые объекты build).

Построение успешно завершено.

Затраченное время: 00:00:02.48
